GO111MODULE=on go test -v --count=1 --parallel=1 -p=1 ./raft -run 2AB
=== RUN   TestLeaderStartReplication2AB
2021/10/09 09:16:18 log.go:116: [0;31m[error] [invalid message term]
[0m
    raft_paper_test.go:374: lastIndex = 0, want 1
    raft_paper_test.go:388: msgs = [], want [{MsgType:MsgAppend To:2 From:1 Term:1 LogTerm:1 Index:0 Entries:[term:1 index:1 data:"some data" ] Commit:0 Snapshot:<nil> Reject:false XXX_NoUnkeyedLiteral:{} XXX_unrecognized:[] XXX_sizecache:0} {MsgType:MsgAppend To:3 From:1 Term:1 LogTerm:1 Index:0 Entries:[term:1 index:1 data:"some data" ] Commit:0 Snapshot:<nil> Reject:false XXX_NoUnkeyedLiteral:{} XXX_unrecognized:[] XXX_sizecache:0}]
    raft_paper_test.go:391: ents = [], want [{EntryType:EntryNormal Term:1 Index:1 Data:[115 111 109 101 32 100 97 116 97] XXX_NoUnkeyedLiteral:{} XXX_unrecognized:[] XXX_sizecache:0}]
--- FAIL: TestLeaderStartReplication2AB (0.00s)
=== RUN   TestLeaderCommitEntry2AB
2021/10/09 09:16:18 log.go:116: [0;31m[error] [invalid message term]
[0m
    raft_paper_test.go:416: committed = 0, want 1
    raft_paper_test.go:420: nextEnts = [], want [{EntryType:EntryNormal Term:1 Index:1 Data:[115 111 109 101 32 100 97 116 97] XXX_NoUnkeyedLiteral:{} XXX_unrecognized:[] XXX_sizecache:0}]
--- FAIL: TestLeaderCommitEntry2AB (0.00s)
=== RUN   TestLeaderAcknowledgeCommit2AB
2021/10/09 09:16:18 log.go:116: [0;31m[error] [invalid message term]
[0m
    raft_paper_test.go:472: #0: ack commit = false, want true
2021/10/09 09:16:18 log.go:116: [0;31m[error] [invalid message term]
[0m
2021/10/09 09:16:18 log.go:116: [0;31m[error] [invalid message term]
[0m
    raft_paper_test.go:472: #2: ack commit = false, want true
2021/10/09 09:16:18 log.go:116: [0;31m[error] [invalid message term]
[0m
    raft_paper_test.go:472: #3: ack commit = false, want true
2021/10/09 09:16:18 log.go:116: [0;31m[error] [invalid message term]
[0m
2021/10/09 09:16:18 log.go:116: [0;31m[error] [invalid message term]
[0m
2021/10/09 09:16:18 log.go:116: [0;31m[error] [invalid message term]
[0m
    raft_paper_test.go:472: #6: ack commit = false, want true
2021/10/09 09:16:18 log.go:116: [0;31m[error] [invalid message term]
[0m
    raft_paper_test.go:472: #7: ack commit = false, want true
2021/10/09 09:16:18 log.go:116: [0;31m[error] [invalid message term]
[0m
    raft_paper_test.go:472: #8: ack commit = false, want true
--- FAIL: TestLeaderAcknowledgeCommit2AB (0.00s)
=== RUN   TestLeaderCommitPrecedingEntries2AB
2021/10/09 09:16:18 log.go:116: [0;31m[error] [invalid message term]
[0m
    raft_paper_test.go:505: #0: ents = [], want [{EntryType:EntryNormal Term:3 Index:1 Data:[] XXX_NoUnkeyedLiteral:{} XXX_unrecognized:[] XXX_sizecache:0} {EntryType:EntryNormal Term:3 Index:2 Data:[115 111 109 101 32 100 97 116 97] XXX_NoUnkeyedLiteral:{} XXX_unrecognized:[] XXX_sizecache:0}]
2021/10/09 09:16:18 log.go:116: [0;31m[error] [invalid message term]
[0m
    raft_paper_test.go:505: #1: ents = [], want [{EntryType:EntryNormal Term:2 Index:1 Data:[] XXX_NoUnkeyedLiteral:{} XXX_unrecognized:[] XXX_sizecache:0} {EntryType:EntryNormal Term:3 Index:2 Data:[] XXX_NoUnkeyedLiteral:{} XXX_unrecognized:[] XXX_sizecache:0} {EntryType:EntryNormal Term:3 Index:3 Data:[115 111 109 101 32 100 97 116 97] XXX_NoUnkeyedLiteral:{} XXX_unrecognized:[] XXX_sizecache:0}]
2021/10/09 09:16:18 log.go:116: [0;31m[error] [invalid message term]
[0m
    raft_paper_test.go:505: #2: ents = [], want [{EntryType:EntryNormal Term:1 Index:1 Data:[] XXX_NoUnkeyedLiteral:{} XXX_unrecognized:[] XXX_sizecache:0} {EntryType:EntryNormal Term:2 Index:2 Data:[] XXX_NoUnkeyedLiteral:{} XXX_unrecognized:[] XXX_sizecache:0} {EntryType:EntryNormal Term:3 Index:3 Data:[] XXX_NoUnkeyedLiteral:{} XXX_unrecognized:[] XXX_sizecache:0} {EntryType:EntryNormal Term:3 Index:4 Data:[115 111 109 101 32 100 97 116 97] XXX_NoUnkeyedLiteral:{} XXX_unrecognized:[] XXX_sizecache:0}]
2021/10/09 09:16:18 log.go:116: [0;31m[error] [invalid message term]
[0m
    raft_paper_test.go:505: #3: ents = [], want [{EntryType:EntryNormal Term:1 Index:1 Data:[] XXX_NoUnkeyedLiteral:{} XXX_unrecognized:[] XXX_sizecache:0} {EntryType:EntryNormal Term:3 Index:2 Data:[] XXX_NoUnkeyedLiteral:{} XXX_unrecognized:[] XXX_sizecache:0} {EntryType:EntryNormal Term:3 Index:3 Data:[115 111 109 101 32 100 97 116 97] XXX_NoUnkeyedLiteral:{} XXX_unrecognized:[] XXX_sizecache:0}]
--- FAIL: TestLeaderCommitPrecedingEntries2AB (0.00s)
=== RUN   TestFollowerCommitEntry2AB
22222222@ 0 []
    raft_paper_test.go:553: #0: committed = 0, want 1
    raft_paper_test.go:560: #0: nextEnts = [], want [{EntryNormal 1 1 [115 111 109 101 32 100 97 116 97] {} [] 0}]
22222222@ 0 []
    raft_paper_test.go:553: #1: committed = 1, want 2
    raft_paper_test.go:560: #1: nextEnts = [], want [{EntryNormal 1 1 [115 111 109 101 32 100 97 116 97] {} [] 0} {EntryNormal 1 2 [115 111 109 101 32 100 97 116 97 50] {} [] 0}]
22222222@ 0 []
    raft_paper_test.go:553: #2: committed = 1, want 2
    raft_paper_test.go:560: #2: nextEnts = [], want [{EntryNormal 1 1 [115 111 109 101 32 100 97 116 97 50] {} [] 0} {EntryNormal 1 2 [115 111 109 101 32 100 97 116 97] {} [] 0}]
22222222@ 0 []
    raft_paper_test.go:560: #3: nextEnts = [], want [{EntryNormal 1 1 [115 111 109 101 32 100 97 116 97] {} [] 0}]
--- FAIL: TestFollowerCommitEntry2AB (0.00s)
=== RUN   TestFollowerCheckMessageType_MsgAppend2AB
22222222@ 0 []
    raft_paper_test.go:606: #1: reject = true, want false
    raft_paper_test.go:606: #2: reject = true, want false
--- FAIL: TestFollowerCheckMessageType_MsgAppend2AB (0.00s)
=== RUN   TestFollowerAppendEntries2AB
    raft_paper_test.go:661: #0: ents = [], want [{EntryType:EntryNormal Term:1 Index:1 Data:[] XXX_NoUnkeyedLiteral:{} XXX_unrecognized:[] XXX_sizecache:0} {EntryType:EntryNormal Term:2 Index:2 Data:[] XXX_NoUnkeyedLiteral:{} XXX_unrecognized:[] XXX_sizecache:0} {EntryType:EntryNormal Term:3 Index:3 Data:[] XXX_NoUnkeyedLiteral:{} XXX_unrecognized:[] XXX_sizecache:0}]
    raft_paper_test.go:671: #0: unstableEnts = [], want [{EntryType:EntryNormal Term:3 Index:3 Data:[] XXX_NoUnkeyedLiteral:{} XXX_unrecognized:[] XXX_sizecache:0}]
    raft_paper_test.go:661: #1: ents = [], want [{EntryType:EntryNormal Term:1 Index:1 Data:[] XXX_NoUnkeyedLiteral:{} XXX_unrecognized:[] XXX_sizecache:0} {EntryType:EntryNormal Term:3 Index:2 Data:[] XXX_NoUnkeyedLiteral:{} XXX_unrecognized:[] XXX_sizecache:0} {EntryType:EntryNormal Term:4 Index:3 Data:[] XXX_NoUnkeyedLiteral:{} XXX_unrecognized:[] XXX_sizecache:0}]
    raft_paper_test.go:671: #1: unstableEnts = [], want [{EntryType:EntryNormal Term:3 Index:2 Data:[] XXX_NoUnkeyedLiteral:{} XXX_unrecognized:[] XXX_sizecache:0} {EntryType:EntryNormal Term:4 Index:3 Data:[] XXX_NoUnkeyedLiteral:{} XXX_unrecognized:[] XXX_sizecache:0}]
22222222@ 0 []
    raft_paper_test.go:661: #2: ents = [{EntryType:EntryNormal Term:1 Index:1 Data:[] XXX_NoUnkeyedLiteral:{} XXX_unrecognized:[] XXX_sizecache:0}], want [{EntryType:EntryNormal Term:1 Index:1 Data:[] XXX_NoUnkeyedLiteral:{} XXX_unrecognized:[] XXX_sizecache:0} {EntryType:EntryNormal Term:2 Index:2 Data:[] XXX_NoUnkeyedLiteral:{} XXX_unrecognized:[] XXX_sizecache:0}]
22222222@ 0 []
    raft_paper_test.go:671: #3: unstableEnts = [], want [{EntryType:EntryNormal Term:3 Index:1 Data:[] XXX_NoUnkeyedLiteral:{} XXX_unrecognized:[] XXX_sizecache:0}]
--- FAIL: TestFollowerAppendEntries2AB (0.00s)
=== RUN   TestLeaderSyncFollowerLog2AB
invalid state and recive msg StateLeader,MsgRequestVoteResponse
2021/10/09 09:16:18 log.go:116: [0;31m[error] [invalid message term]
[0m
invalid state and recive msg StateLeader,MsgRequestVoteResponse
2021/10/09 09:16:18 log.go:116: [0;31m[error] [invalid message term]
[0m
invalid state and recive msg StateLeader,MsgRequestVoteResponse
2021/10/09 09:16:18 log.go:116: [0;31m[error] [invalid message term]
[0m
invalid state and recive msg StateLeader,MsgRequestVoteResponse
2021/10/09 09:16:18 log.go:116: [0;31m[error] [invalid message term]
[0m
invalid state and recive msg StateLeader,MsgRequestVoteResponse
2021/10/09 09:16:18 log.go:116: [0;31m[error] [invalid message term]
[0m
invalid state and recive msg StateLeader,MsgRequestVoteResponse
2021/10/09 09:16:18 log.go:116: [0;31m[error] [invalid message term]
[0m
--- PASS: TestLeaderSyncFollowerLog2AB (0.00s)
=== RUN   TestVoteRequest2AB
22222222@ 0 []
    raft_paper_test.go:794: #0: index = 0, want 1
    raft_paper_test.go:794: #1: index = 0, want 1
22222222@ 0 []
    raft_paper_test.go:794: #0: index = 1, want 2
    raft_paper_test.go:794: #1: index = 1, want 2
--- FAIL: TestVoteRequest2AB (0.00s)
=== RUN   TestVoter2AB
    raft_paper_test.go:843: #2: reject = false, want true
    raft_paper_test.go:843: #6: reject = false, want true
    raft_paper_test.go:843: #7: reject = false, want true
    raft_paper_test.go:843: #8: reject = false, want true
--- FAIL: TestVoter2AB (0.00s)
=== RUN   TestLeaderOnlyCommitsLogFromCurrentTerm2AB
2021/10/09 09:16:18 log.go:116: [0;31m[error] [invalid message term]
[0m
2021/10/09 09:16:18 log.go:116: [0;31m[error] [invalid message term]
[0m
2021/10/09 09:16:18 log.go:116: [0;31m[error] [invalid message term]
[0m
    raft_paper_test.go:877: #2: commit = 0, want 3
--- FAIL: TestLeaderOnlyCommitsLogFromCurrentTerm2AB (0.00s)
=== RUN   TestProgressLeader2AB
    raft_test.go:67: unexpected progress &{0 0}
2021/10/09 09:16:18 log.go:116: [0;31m[error] [invalid message term]
[0m
    raft_test.go:70: proposal resulted in error: invalid message term
--- FAIL: TestProgressLeader2AB (0.00s)
=== RUN   TestLeaderElectionOverwriteNewerLogs2AB
invalid state and recive msg StateLeader,MsgRequestVoteResponse
invalid state and recive msg StateLeader,MsgRequestVoteResponse
    raft_test.go:163: state = StateLeader, want StateFollower
invalid state and recive msg StateLeader,MsgHup
    raft_test.go:175: term = 2, want 3
    raft_test.go:184: node 3: len(entries) == 0, want 2
--- FAIL: TestLeaderElectionOverwriteNewerLogs2AB (0.00s)
=== RUN   TestLogReplication2AB
invalid state and recive msg StateLeader,MsgRequestVoteResponse
2021/10/09 09:16:18 log.go:116: [0;31m[error] [invalid message term]
[0m
    raft_test.go:289: #0.2: committed = 0, want 2
--- FAIL: TestLogReplication2AB (0.00s)
panic: runtime error: index out of range [0] with length 0 [recovered]
	panic: runtime error: index out of range [0] with length 0

goroutine 31 [running]:
testing.tRunner.func1.1(0x1214740, 0xc0000d1860)
	/usr/local/go/src/testing/testing.go:1072 +0x30d
testing.tRunner.func1(0xc000083b00)
	/usr/local/go/src/testing/testing.go:1075 +0x41a
panic(0x1214740, 0xc0000d1860)
	/usr/local/go/src/runtime/panic.go:969 +0x1b9
github.com/pingcap-incubator/tinykv/raft.TestLogReplication2AB(0xc000083b00)
	/Users/congxiaoliang/workspace/godir/src/github.com/LightCong/tinykv/raft/raft_test.go:305 +0xfbf
testing.tRunner(0xc000083b00, 0x1237840)
	/usr/local/go/src/testing/testing.go:1123 +0xef
created by testing.(*T).Run
	/usr/local/go/src/testing/testing.go:1168 +0x2b3
FAIL	github.com/pingcap-incubator/tinykv/raft	0.016s
FAIL
